<?xml version="1.0" encoding="UTF-8"?>
<testng-results ignored="0" total="2" passed="2" failed="0" skipped="0">
  <reporter-output>
  </reporter-output>
  <suite started-at="2024-07-10T17:29:05 IST" name="Default suite" finished-at="2024-07-10T17:29:12 IST" duration-ms="6194">
    <groups>
    </groups>
    <test started-at="2024-07-10T17:29:05 IST" name="Default test" finished-at="2024-07-10T17:29:12 IST" duration-ms="6194">
      <class name="Testcases.Survey_testcase">
        <test-method is-config="true" signature="start()[pri:0, instance:Testcases.Survey_testcase@5e600dd5]" started-at="2024-07-10T17:29:05 IST" name="start" finished-at="2024-07-10T17:29:08 IST" duration-ms="2230" status="PASS">
          <reporter-output>
          </reporter-output>
        </test-method> <!-- start -->
        <test-method signature="CreateSurvey()[pri:0, instance:Testcases.Survey_testcase@5e600dd5]" started-at="2024-07-10T17:29:08 IST" name="CreateSurvey" finished-at="2024-07-10T17:29:12 IST" duration-ms="3928" status="PASS">
          <reporter-output>
          </reporter-output>
        </test-method> <!-- CreateSurvey -->
        <test-method signature="landingPage()[pri:0, instance:Testcases.Survey_testcase@5e600dd5]" started-at="2024-07-10T17:29:12 IST" name="landingPage" finished-at="2024-07-10T17:29:12 IST" duration-ms="8" status="PASS">
          <reporter-output>
          </reporter-output>
        </test-method> <!-- landingPage -->
      </class> <!-- Testcases.Survey_testcase -->
    </test> <!-- Default test -->
  </suite> <!-- Default suite -->
</testng-results>
