<?xml version="1.0" encoding="UTF-8"?>
<testng-results ignored="1" total="3" passed="2" failed="0" skipped="0">
  <reporter-output>
  </reporter-output>
  <suite started-at="2024-06-10T12:09:48 IST" name="Default suite" finished-at="2024-06-10T12:09:59 IST" duration-ms="10675">
    <groups>
    </groups>
    <test started-at="2024-06-10T12:09:48 IST" name="Default test" finished-at="2024-06-10T12:09:59 IST" duration-ms="10675">
      <class name="testngpackage.dummylogin">
        <test-method is-config="true" signature="setUp()[pri:0, instance:testngpackage.dummylogin@6bd61f98]" started-at="2024-06-10T12:09:48 IST" name="setUp" finished-at="2024-06-10T12:09:53 IST" duration-ms="4682" status="PASS">
          <reporter-output>
          </reporter-output>
        </test-method> <!-- setUp -->
        <test-method signature="testValidLogin()[pri:0, instance:testngpackage.dummylogin@6bd61f98]" started-at="2024-06-10T12:09:53 IST" name="testValidLogin" finished-at="2024-06-10T12:09:57 IST" duration-ms="3563" status="PASS">
          <reporter-output>
          </reporter-output>
        </test-method> <!-- testValidLogin -->
        <test-method signature="team()[pri:0, instance:testngpackage.dummylogin@6bd61f98]" started-at="2024-06-10T12:09:57 IST" name="team" finished-at="2024-06-10T12:09:59 IST" depends-on-methods="testngpackage.dummylogin.testValidLogin" duration-ms="2408" status="PASS">
          <reporter-output>
          </reporter-output>
        </test-method> <!-- team -->
        <test-method is-config="true" signature="tearDown()[pri:0, instance:testngpackage.dummylogin@6bd61f98]" started-at="2024-06-10T12:09:59 IST" name="tearDown" finished-at="2024-06-10T12:09:59 IST" duration-ms="0" status="PASS">
          <reporter-output>
          </reporter-output>
        </test-method> <!-- tearDown -->
      </class> <!-- testngpackage.dummylogin -->
    </test> <!-- Default test -->
  </suite> <!-- Default suite -->
</testng-results>
