<?xml version="1.0" encoding="UTF-8"?>
<!-- Generated by org.testng.reporters.JUnitXMLReporter -->
<testsuite ignored="0" hostname="Aditya" failures="0" tests="3" name="Functional Test" time="3.694" errors="0" timestamp="2024-06-04T16:38:06 IST">
  <testcase classname="testngpackage.learntestNg" name="login" time="0.004"/>
  <testcase classname="testngpackage.learntestNg" name="logout" time="0.0"/>
  <testcase classname="testngpackage.Verifytitletest" name="titileTest" time="3.663"/>
</testsuite> <!-- Functional Test -->
