<?xml version="1.0" encoding="UTF-8"?>
<!-- Generated by org.testng.reporters.JUnitXMLReporter -->
<testsuite ignored="1" hostname="Aditya" failures="0" tests="2" name="Default test" time="10.675" errors="0" timestamp="2024-06-10T12:09:59 IST">
  <testcase classname="testngpackage.dummylogin" name="testValidLogin" time="3.563"/>
  <testcase classname="testngpackage.dummylogin" name="team" time="2.408"/>
  <testcase classname="testngpackage.dummylogin" name="createClient" time="0.0">
    <ignored/>
  </testcase> <!-- createClient -->
</testsuite> <!-- Default test -->
